{"numFailedTestSuites":0,"numFailedTests":0,"numPassedTestSuites":6,"numPassedTests":84,"numPendingTestSuites":0,"numPendingTests":0,"numRuntimeErrorTestSuites":0,"numTodoTests":0,"numTotalTestSuites":6,"numTotalTests":84,"openHandles":[],"snapshot":{"added":0,"didUpdate":false,"failure":false,"filesAdded":0,"filesRemoved":0,"filesRemovedList":[],"filesUnmatched":0,"filesUpdated":0,"matched":0,"total":0,"unchecked":0,"uncheckedKeysByFile":[],"unmatched":0,"updated":0},"startTime":1775324067928,"success":true,"testResults":[{"assertionResults":[{"ancestorTitles":["User Profile API"],"duration":434,"failing":false,"failureDetails":[],"failureMessages":[],"fullName":"User Profile API Should fetch user profile","invocations":1,"location":null,"numPassingAsserts":4,"retryReasons":[],"startAt":1775324073727,"status":"passed","title":"Should fetch user profile"},{"ancestorTitles":["User Profile API"],"duration":192,"failing":false,"failureDetails":[],"failureMessages":[],"fullName":"User Profile API Should not fetch profile without authentication","invocations":1,"location":null,"numPassingAsserts":1,"retryReasons":[],"startAt":1775324074162,"status":"passed","title":"Should not fetch profile without authentication"},{"ancestorTitles":["User Profile API"],"duration":239,"failing":false,"failureDetails":[],"failureMessages":[],"fullName":"User Profile API Should fetch any user profile publicly","invocations":1,"location":null,"numPassingAsserts":1,"retryReasons":[],"startAt":1775324074355,"status":"passed","title":"Should fetch any user profile publicly"},{"ancestorTitles":["User Profile API"],"duration":182,"failing":false,"failureDetails":[],"failureMessages":[],"fullName":"User Profile API Should update own profile","invocations":1,"location":null,"numPassingAsserts":1,"retryReasons":[],"startAt":1775324074594,"status":"passed","title":"Should update own profile"},{"ancestorTitles":["User Profile API"],"duration":352,"failing":false,"failureDetails":[],"failureMessages":[],"fullName":"User Profile API Should not update other user profile","invocations":1,"location":null,"numPassingAsserts":1,"retryReasons":[],"startAt":1775324074777,"status":"passed","title":"Should not update other user profile"},{"ancestorTitles":["User Profile API"],"duration":201,"failing":false,"failureDetails":[],"failureMessages":[],"fullName":"User Profile API Should update profile image URL","invocations":1,"location":null,"numPassingAsserts":1,"retryReasons":[],"startAt":1775324075130,"status":"passed","title":"Should update profile image URL"},{"ancestorTitles":["User Profile API"],"duration":329,"failing":false,"failureDetails":[],"failureMessages":[],"fullName":"User Profile API Should update craft categories for artisans","invocations":1,"location":null,"numPassingAsserts":1,"retryReasons":[],"startAt":1775324075332,"status":"passed","title":"Should update craft categories for artisans"},{"ancestorTitles":["User Profile API"],"duration":167,"failing":false,"failureDetails":[],"failureMessages":[],"fullName":"User Profile API Should update social links","invocations":1,"location":null,"numPassingAsserts":1,"retryReasons":[],"startAt":1775324075661,"status":"passed","title":"Should update social links"},{"ancestorTitles":["User Profile API"],"duration":368,"failing":false,"failureDetails":[],"failureMessages":[],"fullName":"User Profile API Should follow another user","invocations":1,"location":null,"numPassingAsserts":1,"retryReasons":[],"startAt":1775324075828,"status":"passed","title":"Should follow another user"},{"ancestorTitles":["User Profile API"],"duration":180,"failing":false,"failureDetails":[],"failureMessages":[],"fullName":"User Profile API Should not follow self","invocations":1,"location":null,"numPassingAsserts":1,"retryReasons":[],"startAt":1775324076196,"status":"passed","title":"Should not follow self"},{"ancestorTitles":["User Profile API"],"duration":342,"failing":false,"failureDetails":[],"failureMessages":[],"fullName":"User Profile API Should unfollow a user","invocations":1,"location":null,"numPassingAsserts":1,"retryReasons":[],"startAt":1775324076376,"status":"passed","title":"Should unfollow a user"},{"ancestorTitles":["User Profile API"],"duration":182,"failing":false,"failureDetails":[],"failureMessages":[],"fullName":"User Profile API Should delete own account","invocations":1,"location":null,"numPassingAsserts":1,"retryReasons":[],"startAt":1775324076719,"status":"passed","title":"Should delete own account"},{"ancestorTitles":["User Profile API"],"duration":312,"failing":false,"failureDetails":[],"failureMessages":[],"fullName":"User Profile API Should not delete other user account","invocations":1,"location":null,"numPassingAsserts":1,"retryReasons":[],"startAt":1775324076901,"status":"passed","title":"Should not delete other user account"}],"endTime":1775324077392,"message":"","name":"C:\\Users\\HP\\OneDrive\\Desktop\\KalaKart – AI + Artisan E‑commerce\\backend\\tests\\user.test.js","startTime":1775324068747,"status":"passed","summary":""},{"assertionResults":[{"ancestorTitles":["Review API"],"duration":831,"failing":false,"failureDetails":[],"failureMessages":[],"fullName":"Review API Should create a review with valid data","invocations":1,"location":null,"numPassingAsserts":2,"retryReasons":[],"startAt":1775324073720,"status":"passed","title":"Should create a review with valid data"},{"ancestorTitles":["Review API"],"duration":374,"failing":false,"failureDetails":[],"failureMessages":[],"fullName":"Review API Should not create review without authentication","invocations":1,"location":null,"numPassingAsserts":1,"retryReasons":[],"startAt":1775324074552,"status":"passed","title":"Should not create review without authentication"},{"ancestorTitles":["Review API"],"duration":391,"failing":false,"failureDetails":[],"failureMessages":[],"fullName":"Review API Should not create review with invalid rating","invocations":1,"location":null,"numPassingAsserts":1,"retryReasons":[],"startAt":1775324074926,"status":"passed","title":"Should not create review with invalid rating"},{"ancestorTitles":["Review API"],"duration":425,"failing":false,"failureDetails":[],"failureMessages":[],"fullName":"Review API Should not create review with rating less than 1","invocations":1,"location":null,"numPassingAsserts":1,"retryReasons":[],"startAt":1775324075317,"status":"passed","title":"Should not create review with rating less than 1"},{"ancestorTitles":["Review API"],"duration":393,"failing":false,"failureDetails":[],"failureMessages":[],"fullName":"Review API Should not create review without rating","invocations":1,"location":null,"numPassingAsserts":1,"retryReasons":[],"startAt":1775324075742,"status":"passed","title":"Should not create review without rating"},{"ancestorTitles":["Review API"],"duration":353,"failing":false,"failureDetails":[],"failureMessages":[],"fullName":"Review API Should not create review without comment","invocations":1,"location":null,"numPassingAsserts":1,"retryReasons":[],"startAt":1775324076136,"status":"passed","title":"Should not create review without comment"},{"ancestorTitles":["Review API"],"duration":380,"failing":false,"failureDetails":[],"failureMessages":[],"fullName":"Review API Should fetch reviews for a product","invocations":1,"location":null,"numPassingAsserts":2,"retryReasons":[],"startAt":1775324076489,"status":"passed","title":"Should fetch reviews for a product"},{"ancestorTitles":["Review API"],"duration":314,"failing":false,"failureDetails":[],"failureMessages":[],"fullName":"Review API Should fetch reviews for non-existent product","invocations":1,"location":null,"numPassingAsserts":2,"retryReasons":[],"startAt":1775324076869,"status":"passed","title":"Should fetch reviews for non-existent product"},{"ancestorTitles":["Review API"],"duration":384,"failing":false,"failureDetails":[],"failureMessages":[],"fullName":"Review API Should update own review","invocations":1,"location":null,"numPassingAsserts":1,"retryReasons":[],"startAt":1775324077184,"status":"passed","title":"Should update own review"},{"ancestorTitles":["Review API"],"duration":542,"failing":false,"failureDetails":[],"failureMessages":[],"fullName":"Review API Should not update other user review","invocations":1,"location":null,"numPassingAsserts":1,"retryReasons":[],"startAt":1775324077568,"status":"passed","title":"Should not update other user review"},{"ancestorTitles":["Review API"],"duration":423,"failing":false,"failureDetails":[],"failureMessages":[],"fullName":"Review API Should delete own review","invocations":1,"location":null,"numPassingAsserts":1,"retryReasons":[],"startAt":1775324078111,"status":"passed","title":"Should delete own review"},{"ancestorTitles":["Review API"],"duration":519,"failing":false,"failureDetails":[],"failureMessages":[],"fullName":"Review API Should not delete other user review","invocations":1,"location":null,"numPassingAsserts":1,"retryReasons":[],"startAt":1775324078535,"status":"passed","title":"Should not delete other user review"},{"ancestorTitles":["Review API"],"duration":578,"failing":false,"failureDetails":[],"failureMessages":[],"fullName":"Review API Should mark review as helpful","invocations":1,"location":null,"numPassingAsserts":1,"retryReasons":[],"startAt":1775324079055,"status":"passed","title":"Should mark review as helpful"}],"endTime":1775324079829,"message":"","name":"C:\\Users\\HP\\OneDrive\\Desktop\\KalaKart – AI + Artisan E‑commerce\\backend\\tests\\review.test.js","startTime":1775324068732,"status":"passed","summary":""},{"assertionResults":[{"ancestorTitles":["Product API"],"duration":690,"failing":false,"failureDetails":[],"failureMessages":[],"fullName":"Product API Should fetch all products","invocations":1,"location":null,"numPassingAsserts":4,"retryReasons":[],"startAt":1775324074268,"status":"passed","title":"Should fetch all products"},{"ancestorTitles":["Product API"],"duration":372,"failing":false,"failureDetails":[],"failureMessages":[],"fullName":"Product API Should fetch a single product by ID","invocations":1,"location":null,"numPassingAsserts":4,"retryReasons":[],"startAt":1775324074959,"status":"passed","title":"Should fetch a single product by ID"},{"ancestorTitles":["Product API"],"duration":363,"failing":false,"failureDetails":[],"failureMessages":[],"fullName":"Product API Should return 404 for non-existent product","invocations":1,"location":null,"numPassingAsserts":1,"retryReasons":[],"startAt":1775324075331,"status":"passed","title":"Should return 404 for non-existent product"},{"ancestorTitles":["Product API"],"duration":376,"failing":false,"failureDetails":[],"failureMessages":[],"fullName":"Product API Should filter products by category","invocations":1,"location":null,"numPassingAsserts":3,"retryReasons":[],"startAt":1775324075694,"status":"passed","title":"Should filter products by category"},{"ancestorTitles":["Product API"],"duration":343,"failing":false,"failureDetails":[],"failureMessages":[],"fullName":"Product API Should search products by name","invocations":1,"location":null,"numPassingAsserts":3,"retryReasons":[],"startAt":1775324076070,"status":"passed","title":"Should search products by name"},{"ancestorTitles":["Product API"],"duration":375,"failing":false,"failureDetails":[],"failureMessages":[],"fullName":"Product API Should sort products by price","invocations":1,"location":null,"numPassingAsserts":2,"retryReasons":[],"startAt":1775324076413,"status":"passed","title":"Should sort products by price"},{"ancestorTitles":["Product API"],"duration":337,"failing":false,"failureDetails":[],"failureMessages":[],"fullName":"Product API Should create a product with valid data","invocations":1,"location":null,"numPassingAsserts":4,"retryReasons":[],"startAt":1775324076789,"status":"passed","title":"Should create a product with valid data"},{"ancestorTitles":["Product API"],"duration":357,"failing":false,"failureDetails":[],"failureMessages":[],"fullName":"Product API Should not create a product without authentication","invocations":1,"location":null,"numPassingAsserts":1,"retryReasons":[],"startAt":1775324077126,"status":"passed","title":"Should not create a product without authentication"},{"ancestorTitles":["Product API"],"duration":399,"failing":false,"failureDetails":[],"failureMessages":[],"fullName":"Product API Should require name for product creation","invocations":1,"location":null,"numPassingAsserts":1,"retryReasons":[],"startAt":1775324077484,"status":"passed","title":"Should require name for product creation"},{"ancestorTitles":["Product API"],"duration":397,"failing":false,"failureDetails":[],"failureMessages":[],"fullName":"Product API Should require price for product creation","invocations":1,"location":null,"numPassingAsserts":1,"retryReasons":[],"startAt":1775324077883,"status":"passed","title":"Should require price for product creation"},{"ancestorTitles":["Product API"],"duration":374,"failing":false,"failureDetails":[],"failureMessages":[],"fullName":"Product API Should require category for product creation","invocations":1,"location":null,"numPassingAsserts":1,"retryReasons":[],"startAt":1775324078281,"status":"passed","title":"Should require category for product creation"},{"ancestorTitles":["Product API"],"duration":340,"failing":false,"failureDetails":[],"failureMessages":[],"fullName":"Product API Should not allow non-artisans to create products","invocations":1,"location":null,"numPassingAsserts":1,"retryReasons":[],"startAt":1775324078656,"status":"passed","title":"Should not allow non-artisans to create products"},{"ancestorTitles":["Product API"],"duration":533,"failing":false,"failureDetails":[],"failureMessages":[],"fullName":"Product API Should update a product","invocations":1,"location":null,"numPassingAsserts":4,"retryReasons":[],"startAt":1775324078996,"status":"passed","title":"Should update a product"},{"ancestorTitles":["Product API"],"duration":376,"failing":false,"failureDetails":[],"failureMessages":[],"fullName":"Product API Should not allow non-owner to update product","invocations":1,"location":null,"numPassingAsserts":1,"retryReasons":[],"startAt":1775324079529,"status":"passed","title":"Should not allow non-owner to update product"},{"ancestorTitles":["Product API"],"duration":370,"failing":false,"failureDetails":[],"failureMessages":[],"fullName":"Product API Should not update product without authentication","invocations":1,"location":null,"numPassingAsserts":1,"retryReasons":[],"startAt":1775324079905,"status":"passed","title":"Should not update product without authentication"},{"ancestorTitles":["Product API"],"duration":342,"failing":false,"failureDetails":[],"failureMessages":[],"fullName":"Product API Should delete a product","invocations":1,"location":null,"numPassingAsserts":2,"retryReasons":[],"startAt":1775324080276,"status":"passed","title":"Should delete a product"},{"ancestorTitles":["Product API"],"duration":338,"failing":false,"failureDetails":[],"failureMessages":[],"fullName":"Product API Should not allow non-owner to delete product","invocations":1,"location":null,"numPassingAsserts":1,"retryReasons":[],"startAt":1775324080619,"status":"passed","title":"Should not allow non-owner to delete product"},{"ancestorTitles":["Product API"],"duration":330,"failing":false,"failureDetails":[],"failureMessages":[],"fullName":"Product API Should not delete product without authentication","invocations":1,"location":null,"numPassingAsserts":1,"retryReasons":[],"startAt":1775324080957,"status":"passed","title":"Should not delete product without authentication"}],"endTime":1775324081656,"message":"","name":"C:\\Users\\HP\\OneDrive\\Desktop\\KalaKart – AI + Artisan E‑commerce\\backend\\tests\\product.test.js","startTime":1775324068697,"status":"passed","summary":""},{"assertionResults":[{"ancestorTitles":["Order API"],"duration":704,"failing":false,"failureDetails":[],"failureMessages":[],"fullName":"Order API Should create an order with valid items","invocations":1,"location":null,"numPassingAsserts":1,"retryReasons":[],"startAt":1775324082838,"status":"passed","title":"Should create an order with valid items"},{"ancestorTitles":["Order API"],"duration":356,"failing":false,"failureDetails":[],"failureMessages":[],"fullName":"Order API Should not create order without authentication","invocations":1,"location":null,"numPassingAsserts":1,"retryReasons":[],"startAt":1775324083543,"status":"passed","title":"Should not create order without authentication"},{"ancestorTitles":["Order API"],"duration":379,"failing":false,"failureDetails":[],"failureMessages":[],"fullName":"Order API Should not create order without items","invocations":1,"location":null,"numPassingAsserts":1,"retryReasons":[],"startAt":1775324083900,"status":"passed","title":"Should not create order without items"},{"ancestorTitles":["Order API"],"duration":384,"failing":false,"failureDetails":[],"failureMessages":[],"fullName":"Order API Should not create order without shipping address","invocations":1,"location":null,"numPassingAsserts":1,"retryReasons":[],"startAt":1775324084280,"status":"passed","title":"Should not create order without shipping address"},{"ancestorTitles":["Order API"],"duration":372,"failing":false,"failureDetails":[],"failureMessages":[],"fullName":"Order API Should fetch user orders","invocations":1,"location":null,"numPassingAsserts":1,"retryReasons":[],"startAt":1775324084664,"status":"passed","title":"Should fetch user orders"},{"ancestorTitles":["Order API"],"duration":498,"failing":false,"failureDetails":[],"failureMessages":[],"fullName":"Order API Should fetch order by ID","invocations":1,"location":null,"numPassingAsserts":0,"retryReasons":[],"startAt":1775324085036,"status":"passed","title":"Should fetch order by ID"},{"ancestorTitles":["Order API"],"duration":370,"failing":false,"failureDetails":[],"failureMessages":[],"fullName":"Order API Should not access other user orders","invocations":1,"location":null,"numPassingAsserts":0,"retryReasons":[],"startAt":1775324085534,"status":"passed","title":"Should not access other user orders"},{"ancestorTitles":["Order API"],"duration":366,"failing":false,"failureDetails":[],"failureMessages":[],"fullName":"Order API Should update order status","invocations":1,"location":null,"numPassingAsserts":0,"retryReasons":[],"startAt":1775324085904,"status":"passed","title":"Should update order status"},{"ancestorTitles":["Order API"],"duration":421,"failing":false,"failureDetails":[],"failureMessages":[],"fullName":"Order API Should cancel a pending order","invocations":1,"location":null,"numPassingAsserts":0,"retryReasons":[],"startAt":1775324086270,"status":"passed","title":"Should cancel a pending order"}],"endTime":1775324086940,"message":"","name":"C:\\Users\\HP\\OneDrive\\Desktop\\KalaKart – AI + Artisan E‑commerce\\backend\\tests\\order.test.js","startTime":1775324079658,"status":"passed","summary":""},{"assertionResults":[{"ancestorTitles":["Middleware Tests","Authentication Middleware"],"duration":140,"failing":false,"failureDetails":[],"failureMessages":[],"fullName":"Middleware Tests Authentication Middleware Should reject request without token","invocations":1,"location":null,"numPassingAsserts":1,"retryReasons":[],"startAt":1775324085926,"status":"passed","title":"Should reject request without token"},{"ancestorTitles":["Middleware Tests","Authentication Middleware"],"duration":36,"failing":false,"failureDetails":[],"failureMessages":[],"fullName":"Middleware Tests Authentication Middleware Should reject request with invalid token","invocations":1,"location":null,"numPassingAsserts":1,"retryReasons":[],"startAt":1775324086067,"status":"passed","title":"Should reject request with invalid token"},{"ancestorTitles":["Middleware Tests","Authentication Middleware"],"duration":25,"failing":false,"failureDetails":[],"failureMessages":[],"fullName":"Middleware Tests Authentication Middleware Should reject request with malformed token","invocations":1,"location":null,"numPassingAsserts":1,"retryReasons":[],"startAt":1775324086104,"status":"passed","title":"Should reject request with malformed token"},{"ancestorTitles":["Middleware Tests","Authentication Middleware"],"duration":292,"failing":false,"failureDetails":[],"failureMessages":[],"fullName":"Middleware Tests Authentication Middleware Should accept request with valid token","invocations":1,"location":null,"numPassingAsserts":1,"retryReasons":[],"startAt":1775324086130,"status":"passed","title":"Should accept request with valid token"},{"ancestorTitles":["Middleware Tests","Authentication Middleware"],"duration":157,"failing":false,"failureDetails":[],"failureMessages":[],"fullName":"Middleware Tests Authentication Middleware Should extract user info from valid token","invocations":1,"location":null,"numPassingAsserts":1,"retryReasons":[],"startAt":1775324086422,"status":"passed","title":"Should extract user info from valid token"},{"ancestorTitles":["Middleware Tests","Authentication Middleware"],"duration":155,"failing":false,"failureDetails":[],"failureMessages":[],"fullName":"Middleware Tests Authentication Middleware Should handle expired token gracefully","invocations":1,"location":null,"numPassingAsserts":1,"retryReasons":[],"startAt":1775324086579,"status":"passed","title":"Should handle expired token gracefully"},{"ancestorTitles":["Middleware Tests","Error Handling Middleware"],"duration":23,"failing":false,"failureDetails":[],"failureMessages":[],"fullName":"Middleware Tests Error Handling Middleware Should handle 404 errors","invocations":1,"location":null,"numPassingAsserts":1,"retryReasons":[],"startAt":1775324086734,"status":"passed","title":"Should handle 404 errors"},{"ancestorTitles":["Middleware Tests","Error Handling Middleware"],"duration":32,"failing":false,"failureDetails":[],"failureMessages":[],"fullName":"Middleware Tests Error Handling Middleware Should return proper error message for invalid product ID","invocations":1,"location":null,"numPassingAsserts":1,"retryReasons":[],"startAt":1775324086757,"status":"passed","title":"Should return proper error message for invalid product ID"},{"ancestorTitles":["Middleware Tests","Error Handling Middleware"],"duration":21,"failing":false,"failureDetails":[],"failureMessages":[],"fullName":"Middleware Tests Error Handling Middleware Should validate JSON request body","invocations":1,"location":null,"numPassingAsserts":1,"retryReasons":[],"startAt":1775324086790,"status":"passed","title":"Should validate JSON request body"},{"ancestorTitles":["Middleware Tests","Error Handling Middleware"],"duration":29,"failing":false,"failureDetails":[],"failureMessages":[],"fullName":"Middleware Tests Error Handling Middleware Should handle missing required fields","invocations":1,"location":null,"numPassingAsserts":1,"retryReasons":[],"startAt":1775324086812,"status":"passed","title":"Should handle missing required fields"},{"ancestorTitles":["Middleware Tests","Error Handling Middleware"],"duration":24,"failing":false,"failureDetails":[],"failureMessages":[],"fullName":"Middleware Tests Error Handling Middleware Should return structured error response","invocations":1,"location":null,"numPassingAsserts":2,"retryReasons":[],"startAt":1775324086841,"status":"passed","title":"Should return structured error response"},{"ancestorTitles":["Middleware Tests","CORS Middleware"],"duration":24,"failing":false,"failureDetails":[],"failureMessages":[],"fullName":"Middleware Tests CORS Middleware Should allow public endpoints","invocations":1,"location":null,"numPassingAsserts":1,"retryReasons":[],"startAt":1775324086866,"status":"passed","title":"Should allow public endpoints"},{"ancestorTitles":["Middleware Tests","CORS Middleware"],"duration":17,"failing":false,"failureDetails":[],"failureMessages":[],"fullName":"Middleware Tests CORS Middleware Should handle preflight requests","invocations":1,"location":null,"numPassingAsserts":1,"retryReasons":[],"startAt":1775324086891,"status":"passed","title":"Should handle preflight requests"},{"ancestorTitles":["Middleware Tests","Rate Limiting"],"duration":58,"failing":false,"failureDetails":[],"failureMessages":[],"fullName":"Middleware Tests Rate Limiting Should allow multiple requests from same IP","invocations":1,"location":null,"numPassingAsserts":1,"retryReasons":[],"startAt":1775324086908,"status":"passed","title":"Should allow multiple requests from same IP"},{"ancestorTitles":["Middleware Tests","Security Headers"],"duration":22,"failing":false,"failureDetails":[],"failureMessages":[],"fullName":"Middleware Tests Security Headers Should include security headers","invocations":1,"location":null,"numPassingAsserts":1,"retryReasons":[],"startAt":1775324086967,"status":"passed","title":"Should include security headers"},{"ancestorTitles":["Middleware Tests","Security Headers"],"duration":23,"failing":false,"failureDetails":[],"failureMessages":[],"fullName":"Middleware Tests Security Headers Should not expose detailed server information","invocations":1,"location":null,"numPassingAsserts":0,"retryReasons":[],"startAt":1775324086989,"status":"passed","title":"Should not expose detailed server information"}],"endTime":1775324087268,"message":"","name":"C:\\Users\\HP\\OneDrive\\Desktop\\KalaKart – AI + Artisan E‑commerce\\backend\\tests\\middleware.test.js","startTime":1775324082541,"status":"passed","summary":""},{"assertionResults":[{"ancestorTitles":["User Authentication API"],"duration":327,"failing":false,"failureDetails":[],"failureMessages":[],"fullName":"User Authentication API Should register a new user with valid data","invocations":1,"location":null,"numPassingAsserts":6,"retryReasons":[],"startAt":1775324090046,"status":"passed","title":"Should register a new user with valid data"},{"ancestorTitles":["User Authentication API"],"duration":158,"failing":false,"failureDetails":[],"failureMessages":[],"fullName":"User Authentication API Should register with default role \"buyer\" if not specified","invocations":1,"location":null,"numPassingAsserts":2,"retryReasons":[],"startAt":1775324090375,"status":"passed","title":"Should register with default role \"buyer\" if not specified"},{"ancestorTitles":["User Authentication API"],"duration":34,"failing":false,"failureDetails":[],"failureMessages":[],"fullName":"User Authentication API Should not register without a name","invocations":1,"location":null,"numPassingAsserts":1,"retryReasons":[],"startAt":1775324090534,"status":"passed","title":"Should not register without a name"},{"ancestorTitles":["User Authentication API"],"duration":22,"failing":false,"failureDetails":[],"failureMessages":[],"fullName":"User Authentication API Should not register without an email","invocations":1,"location":null,"numPassingAsserts":1,"retryReasons":[],"startAt":1775324090568,"status":"passed","title":"Should not register without an email"},{"ancestorTitles":["User Authentication API"],"duration":21,"failing":false,"failureDetails":[],"failureMessages":[],"fullName":"User Authentication API Should not register without a password","invocations":1,"location":null,"numPassingAsserts":1,"retryReasons":[],"startAt":1775324090590,"status":"passed","title":"Should not register without a password"},{"ancestorTitles":["User Authentication API"],"duration":19,"failing":false,"failureDetails":[],"failureMessages":[],"fullName":"User Authentication API Should not register with an invalid email format","invocations":1,"location":null,"numPassingAsserts":1,"retryReasons":[],"startAt":1775324090612,"status":"passed","title":"Should not register with an invalid email format"},{"ancestorTitles":["User Authentication API"],"duration":259,"failing":false,"failureDetails":[],"failureMessages":[],"fullName":"User Authentication API Should not register a user with an existing email","invocations":1,"location":null,"numPassingAsserts":2,"retryReasons":[],"startAt":1775324090631,"status":"passed","title":"Should not register a user with an existing email"},{"ancestorTitles":["User Authentication API"],"duration":151,"failing":false,"failureDetails":[],"failureMessages":[],"fullName":"User Authentication API Should hash the password before storing","invocations":1,"location":null,"numPassingAsserts":2,"retryReasons":[],"startAt":1775324090891,"status":"passed","title":"Should hash the password before storing"},{"ancestorTitles":["User Authentication API"],"duration":284,"failing":false,"failureDetails":[],"failureMessages":[],"fullName":"User Authentication API Should login an existing user with correct credentials","invocations":1,"location":null,"numPassingAsserts":4,"retryReasons":[],"startAt":1775324091042,"status":"passed","title":"Should login an existing user with correct credentials"},{"ancestorTitles":["User Authentication API"],"duration":259,"failing":false,"failureDetails":[],"failureMessages":[],"fullName":"User Authentication API Should reject login with wrong password","invocations":1,"location":null,"numPassingAsserts":2,"retryReasons":[],"startAt":1775324091327,"status":"passed","title":"Should reject login with wrong password"},{"ancestorTitles":["User Authentication API"],"duration":26,"failing":false,"failureDetails":[],"failureMessages":[],"fullName":"User Authentication API Should reject login for non-existent email","invocations":1,"location":null,"numPassingAsserts":2,"retryReasons":[],"startAt":1775324091587,"status":"passed","title":"Should reject login for non-existent email"},{"ancestorTitles":["User Authentication API"],"duration":27,"failing":false,"failureDetails":[],"failureMessages":[],"fullName":"User Authentication API Should not login without email","invocations":1,"location":null,"numPassingAsserts":1,"retryReasons":[],"startAt":1775324091614,"status":"passed","title":"Should not login without email"},{"ancestorTitles":["User Authentication API"],"duration":36,"failing":false,"failureDetails":[],"failureMessages":[],"fullName":"User Authentication API Should not login without password","invocations":1,"location":null,"numPassingAsserts":1,"retryReasons":[],"startAt":1775324091641,"status":"passed","title":"Should not login without password"},{"ancestorTitles":["User Authentication API"],"duration":380,"failing":false,"failureDetails":[],"failureMessages":[],"fullName":"User Authentication API Should return a valid JWT token on login","invocations":1,"location":null,"numPassingAsserts":3,"retryReasons":[],"startAt":1775324091677,"status":"passed","title":"Should return a valid JWT token on login"},{"ancestorTitles":["User Authentication API"],"duration":297,"failing":false,"failureDetails":[],"failureMessages":[],"fullName":"User Authentication API Should support multiple user roles","invocations":1,"location":null,"numPassingAsserts":2,"retryReasons":[],"startAt":1775324092058,"status":"passed","title":"Should support multiple user roles"}],"endTime":1775324092612,"message":"","name":"C:\\Users\\HP\\OneDrive\\Desktop\\KalaKart – AI + Artisan E‑commerce\\backend\\tests\\auth.test.js","startTime":1775324086659,"status":"passed","summary":""}],"wasInterrupted":false}
